<?xml version="1.0" encoding="UTF-8"?>
<!-- Generated by org.testng.reporters.JUnitXMLReporter -->
<testsuite ignored="0" hostname="bruce" failures="1" tests="1" name="SIT-test" time="18.847" errors="0" timestamp="2024-02-10T12:01:47 IST">
  <testcase classname="testCases.TC_LoginTest_001" name="loginTest" time="8.707">
    <failure type="java.lang.AssertionError" message="expected [true] but found [false]">
      <![CDATA[java.lang.AssertionError: expected [true] but found [false]
at testCases.TC_LoginTest_001.loginTest(TC_LoginTest_001.java:34)
at java.base/java.util.ArrayList.forEach(ArrayList.java:1511)
... Removed 31 stack frames]]>
    </failure>
  </testcase> <!-- loginTest -->
</testsuite> <!-- SIT-test -->
