<?xml version="1.0" encoding="UTF-8"?>
<!-- Generated by org.testng.reporters.JUnitXMLReporter -->
<testsuite ignored="0" hostname="bruce" failures="0" tests="1" name="Social_Media_WebApplication_Test" time="0.081" errors="0" timestamp="2024-02-09T20:15:58 IST">
  <testcase classname="testCases.BaseClass" name="@BeforeClass setUp" time="-1.707489958029E9">
    <failure type="org.testng.TestNGException" message="
Parameter &amp;apos;{browser}&amp;apos; is required by BeforeClass on method setUp but has not been marked @Optional or defined
in C:\Users\badas\eclipse-workspace\com.instagram\testng.xml">
      <![CDATA[org.testng.TestNGException: 
Parameter '{browser}' is required by BeforeClass on method setUp but has not been marked @Optional or defined
in C:\Users\badas\eclipse-workspace\com.instagram\testng.xml
at java.base/java.util.ArrayList.forEach(ArrayList.java:1511)
... Removed 22 stack frames]]>
    </failure>
  </testcase> <!-- @BeforeClass setUp -->
  <testcase classname="testCases.BaseClass" name="@AfterClass teardown" time="0.0">
    <skipped/>
  </testcase> <!-- @AfterClass teardown -->
  <testcase classname="testCases.TC_LoginTest_001" name="loginTest" time="0.0">
    <skipped/>
  </testcase> <!-- loginTest -->
</testsuite> <!-- Social_Media_WebApplication_Test -->
